

Started GET "/" for ::1 at 2016-02-01 10:31:46 +0100
Processing by SiteController#home as HTML
  Rendered site/home.html.erb within layouts/application (2.5ms)
Completed 200 OK in 1677ms (Views: 1648.3ms | ActiveRecord: 0.0ms)


Started GET "/assets/site.self-e3b0c44298fc1c149afbf4c8996fb92427ae41e4649b934ca495991b7852b855.css?body=1" for ::1 at 2016-02-01 10:31:48 +0100


Started GET "/assets/application.self-e80e8f2318043e8af94dddc2adad5a4f09739a8ebb323b3ab31cd71d45fd9113.css?body=1" for ::1 at 2016-02-01 10:31:48 +0100


Started GET "/assets/jquery.self-c64a74367bda6ef8b860f19e74df08927ca99d2be2ac934e9e92d5fd361e0da4.js?body=1" for ::1 at 2016-02-01 10:31:48 +0100


Started GET "/assets/jquery_ujs.self-d602bdfe68ffc63b9f9cc512872aa3cfff046228a0a36e90dd476e8ef54c1b09.js?body=1" for ::1 at 2016-02-01 10:31:48 +0100


Started GET "/assets/turbolinks.self-c37727e9bd6b2735da5c311aa83fead54ed0be6cc8bd9a65309e9c5abe2cbfff.js?body=1" for ::1 at 2016-02-01 10:31:48 +0100


Started GET "/assets/site.self-877aef30ae1b040ab8a3aba4e3e309a11d7f2612f44dde450b5c157aa5f95c05.js?body=1" for ::1 at 2016-02-01 10:31:48 +0100


Started GET "/assets/application.self-3b8dabdc891efe46b9a144b400ad69e37d7e5876bdc39dee783419a69d7ca819.js?body=1" for ::1 at 2016-02-01 10:31:48 +0100


Started GET "/contact" for ::1 at 2016-02-01 10:36:31 +0100
Processing by ContactController#index as HTML
  Rendered contact/index.html.erb within layouts/application (1.2ms)
Completed 200 OK in 394ms (Views: 385.8ms | ActiveRecord: 0.0ms)


Started GET "/assets/contact.self-e3b0c44298fc1c149afbf4c8996fb92427ae41e4649b934ca495991b7852b855.css?body=1" for ::1 at 2016-02-01 10:36:32 +0100


Started GET "/assets/contact.self-877aef30ae1b040ab8a3aba4e3e309a11d7f2612f44dde450b5c157aa5f95c05.js?body=1" for ::1 at 2016-02-01 10:36:32 +0100


Started GET "/contact" for ::1 at 2016-02-01 10:38:33 +0100
Processing by SiteController#contact as HTML
  Rendered site/contact.html.erb within layouts/application (1.0ms)
Completed 200 OK in 214ms (Views: 205.2ms | ActiveRecord: 0.0ms)


Started GET "/contact" for ::1 at 2016-02-01 10:40:05 +0100
Processing by SiteController#contact as HTML
  Rendered site/contact.html.erb within layouts/application (0.0ms)
Completed 200 OK in 26ms (Views: 25.7ms | ActiveRecord: 0.0ms)


Started GET "/assets/contact.self-e3b0c44298fc1c149afbf4c8996fb92427ae41e4649b934ca495991b7852b855.css?body=1" for ::1 at 2016-02-01 10:40:06 +0100


Started GET "/assets/jquery_ujs.self-d602bdfe68ffc63b9f9cc512872aa3cfff046228a0a36e90dd476e8ef54c1b09.js?body=1" for ::1 at 2016-02-01 10:40:06 +0100


Started GET "/assets/jquery.self-c64a74367bda6ef8b860f19e74df08927ca99d2be2ac934e9e92d5fd361e0da4.js?body=1" for ::1 at 2016-02-01 10:40:06 +0100


Started GET "/assets/site.self-e3b0c44298fc1c149afbf4c8996fb92427ae41e4649b934ca495991b7852b855.css?body=1" for ::1 at 2016-02-01 10:40:06 +0100


Started GET "/assets/application.self-e80e8f2318043e8af94dddc2adad5a4f09739a8ebb323b3ab31cd71d45fd9113.css?body=1" for ::1 at 2016-02-01 10:40:06 +0100


Started GET "/assets/turbolinks.self-c37727e9bd6b2735da5c311aa83fead54ed0be6cc8bd9a65309e9c5abe2cbfff.js?body=1" for ::1 at 2016-02-01 10:40:06 +0100


Started GET "/assets/contact.self-877aef30ae1b040ab8a3aba4e3e309a11d7f2612f44dde450b5c157aa5f95c05.js?body=1" for ::1 at 2016-02-01 10:40:06 +0100


Started GET "/assets/site.self-877aef30ae1b040ab8a3aba4e3e309a11d7f2612f44dde450b5c157aa5f95c05.js?body=1" for ::1 at 2016-02-01 10:40:06 +0100


Started GET "/assets/application.self-3b8dabdc891efe46b9a144b400ad69e37d7e5876bdc39dee783419a69d7ca819.js?body=1" for ::1 at 2016-02-01 10:40:06 +0100


Started GET "/" for ::1 at 2016-02-01 10:40:09 +0100
Processing by SiteController#home as HTML
  Rendered site/home.html.erb within layouts/application (0.3ms)
Completed 200 OK in 33ms (Views: 32.3ms | ActiveRecord: 0.0ms)


Started GET "/contact" for ::1 at 2016-02-01 10:45:59 +0100
Processing by SiteController#contact as HTML
  Rendered site/contact.html.erb within layouts/application (1.0ms)
Completed 200 OK in 232ms (Views: 223.2ms | ActiveRecord: 0.0ms)


Started GET "/" for ::1 at 2016-02-01 10:51:29 +0100
Processing by SiteController#home as HTML
  Rendered site/home.html.erb within layouts/application (1.0ms)
Completed 200 OK in 216ms (Views: 207.4ms | ActiveRecord: 0.0ms)


Started GET "/contact" for ::1 at 2016-02-01 10:51:32 +0100
Processing by SiteController#contact as HTML
  Rendered site/contact.html.erb within layouts/application (0.3ms)
Completed 200 OK in 26ms (Views: 25.1ms | ActiveRecord: 0.0ms)


Started GET "/" for ::1 at 2016-02-01 10:51:34 +0100
Processing by SiteController#home as HTML
  Rendered site/home.html.erb within layouts/application (0.4ms)
Completed 200 OK in 23ms (Views: 22.5ms | ActiveRecord: 0.0ms)


Started GET "/contact" for ::1 at 2016-02-01 10:51:35 +0100
Processing by SiteController#contact as HTML
  Rendered site/contact.html.erb within layouts/application (0.3ms)
Completed 200 OK in 43ms (Views: 42.1ms | ActiveRecord: 0.0ms)


Started GET "/" for ::1 at 2016-02-01 10:51:35 +0100
Processing by SiteController#home as HTML
  Rendered site/home.html.erb within layouts/application (0.0ms)
Completed 200 OK in 30ms (Views: 29.4ms | ActiveRecord: 0.0ms)


Started GET "/contact" for ::1 at 2016-02-01 10:51:37 +0100
Processing by SiteController#contact as HTML
  Rendered site/contact.html.erb within layouts/application (0.0ms)
Completed 200 OK in 40ms (Views: 39.9ms | ActiveRecord: 0.0ms)


Started GET "/" for ::1 at 2016-02-01 10:51:37 +0100
Processing by SiteController#home as HTML
  Rendered site/home.html.erb within layouts/application (0.0ms)
Completed 200 OK in 28ms (Views: 27.4ms | ActiveRecord: 0.0ms)
  [1m[36m (57.4ms)[0m  [1mCREATE TABLE "schema_migrations" ("version" varchar NOT NULL) [0m
  [1m[35m (0.2ms)[0m  select sqlite_version(*)
  [1m[36m (3.1ms)[0m  [1mCREATE UNIQUE INDEX "unique_schema_migrations" ON "schema_migrations" ("version")[0m
  [1m[35mActiveRecord::SchemaMigration Load (0.1ms)[0m  SELECT "schema_migrations".* FROM "schema_migrations"
Migrating to CreateProjects (20160201105033)
  [1m[36m (0.1ms)[0m  [1mbegin transaction[0m
  [1m[35m (0.4ms)[0m  CREATE TABLE "projects" ("id" INTEGER PRIMARY KEY AUTOINCREMENT NOT NULL, "name" varchar, "created_at" datetime NOT NULL, "updated_at" datetime NOT NULL) 
  [1m[36mSQL (0.3ms)[0m  [1mINSERT INTO "schema_migrations" ("version") VALUES (?)[0m  [["version", "20160201105033"]]
  [1m[35m (4.2ms)[0m  commit transaction
  [1m[36mActiveRecord::SchemaMigration Load (0.1ms)[0m  [1mSELECT "schema_migrations".* FROM "schema_migrations"[0m
  [1m[36mActiveRecord::SchemaMigration Load (0.1ms)[0m  [1mSELECT "schema_migrations".* FROM "schema_migrations"[0m
Migrating to AddDescriptionToProjects (20160201111435)
  [1m[35m (0.1ms)[0m  begin transaction
  [1m[36m (0.4ms)[0m  [1mALTER TABLE "projects" ADD "description" text[0m
  [1m[35mSQL (0.1ms)[0m  INSERT INTO "schema_migrations" ("version") VALUES (?)  [["version", "20160201111435"]]
  [1m[36m (58.3ms)[0m  [1mcommit transaction[0m
  [1m[35mActiveRecord::SchemaMigration Load (0.1ms)[0m  SELECT "schema_migrations".* FROM "schema_migrations"
  [1m[36mActiveRecord::SchemaMigration Load (0.1ms)[0m  [1mSELECT "schema_migrations".* FROM "schema_migrations"[0m
  [1m[35mActiveRecord::SchemaMigration Load (0.1ms)[0m  SELECT "schema_migrations".* FROM "schema_migrations"
  [1m[36mActiveRecord::SchemaMigration Load (0.1ms)[0m  [1mSELECT "schema_migrations".* FROM "schema_migrations"[0m
  [1m[35mActiveRecord::SchemaMigration Load (0.1ms)[0m  SELECT "schema_migrations".* FROM "schema_migrations"
  [1m[36mActiveRecord::SchemaMigration Load (0.1ms)[0m  [1mSELECT "schema_migrations".* FROM "schema_migrations"[0m
  [1m[35mActiveRecord::SchemaMigration Load (0.1ms)[0m  SELECT "schema_migrations".* FROM "schema_migrations"
  [1m[36m (0.3ms)[0m  [1mbegin transaction[0m
  [1m[35mSQL (1.7ms)[0m  INSERT INTO "projects" ("name", "description", "created_at", "updated_at") VALUES (?, ?, ?, ?)  [["name", "Ironhack"], ["description", "Description"], ["created_at", "2016-02-01 11:53:48.380211"], ["updated_at", "2016-02-01 11:53:48.380211"]]
  [1m[36m (36.2ms)[0m  [1mcommit transaction[0m
  [1m[35m (0.1ms)[0m  begin transaction
  [1m[36mSQL (0.5ms)[0m  [1mINSERT INTO "projects" ("name", "description", "created_at", "updated_at") VALUES (?, ?, ?, ?)[0m  [["name", "Ironhack"], ["description", "Another project by IronHack"], ["created_at", "2016-02-01 11:57:43.639235"], ["updated_at", "2016-02-01 11:57:43.639235"]]
  [1m[35m (342.1ms)[0m  commit transaction
  [1m[36m (0.2ms)[0m  [1mbegin transaction[0m
  [1m[35mSQL (0.5ms)[0m  INSERT INTO "projects" ("name", "description", "created_at", "updated_at") VALUES (?, ?, ?, ?)  [["name", "Ironhack"], ["description", "Yet another damn project"], ["created_at", "2016-02-01 13:35:53.030287"], ["updated_at", "2016-02-01 13:35:53.030287"]]
  [1m[36m (50.5ms)[0m  [1mcommit transaction[0m
  [1m[35mProject Load (0.2ms)[0m  SELECT  "projects".* FROM "projects" WHERE "projects"."id" = ? LIMIT 1  [["id", 1]]
  [1m[36mProject Load (1.1ms)[0m  [1mSELECT "projects".* FROM "projects"[0m
  [1m[35m (0.2ms)[0m  SELECT COUNT(*) FROM "projects"
  [1m[36mProject Load (0.4ms)[0m  [1mSELECT "projects".* FROM "projects" WHERE "projects"."name" = ?[0m  [["name", "Ironhack"]]
  [1m[35mProject Load (0.6ms)[0m  SELECT "projects".* FROM "projects" WHERE (name: 'Ironhack')
  [1m[36mProject Load (0.3ms)[0m  [1mSELECT "projects".* FROM "projects"[0m
  [1m[35mProject Load (0.3ms)[0m  SELECT "projects".* FROM "projects" WHERE (name='ironhack')
  [1m[36mProject Load (0.3ms)[0m  [1mSELECT "projects".* FROM "projects" WHERE (name='Ironhack')[0m
  [1m[35mProject Load (0.7ms)[0m  SELECT  "projects".* FROM "projects" WHERE (created_at > d)  ORDER BY name ASC LIMIT 10
  [1m[36mProject Load (0.6ms)[0m  [1mSELECT  "projects".* FROM "projects" WHERE (created_at > d)  ORDER BY name ASC LIMIT 10[0m
  [1m[35mProject Load (0.4ms)[0m  SELECT  "projects".* FROM "projects" WHERE (created_at > '2016-02-01')  ORDER BY name ASC LIMIT 10
  [1m[36mProject Load (0.3ms)[0m  [1mSELECT "projects".* FROM "projects" WHERE (updated_at > '2016-01-31')[0m
  [1m[36mProject Load (1.1ms)[0m  [1mSELECT "projects".* FROM "projects"[0m
  [1m[36mProject Load (0.1ms)[0m  [1mSELECT  "projects".* FROM "projects" WHERE "projects"."id" = ?  ORDER BY "projects"."id" ASC LIMIT 1[0m  [["id", 2]]
  [1m[35mProject Load (0.2ms)[0m  SELECT  "projects".* FROM "projects" WHERE "projects"."id" = ?  ORDER BY "projects"."id" ASC LIMIT 1  [["id", 3]]
  [1m[36mProject Load (0.2ms)[0m  [1mSELECT  "projects".* FROM "projects" WHERE "projects"."id" = ?  ORDER BY "projects"."id" ASC LIMIT 1[0m  [["id", 4]]
  [1m[36mProject Load (0.3ms)[0m  [1mSELECT  "projects".* FROM "projects" WHERE "projects"."id" = ? LIMIT 1[0m  [["id", 1]]
  [1m[35m (0.2ms)[0m  begin transaction
  [1m[36mSQL (0.7ms)[0m  [1mUPDATE "projects" SET "name" = ?, "updated_at" = ? WHERE "projects"."id" = ?[0m  [["name", "Ironhack Updated"], ["updated_at", "2016-02-01 14:50:22.419422"], ["id", 1]]
  [1m[35m (2.6ms)[0m  commit transaction
  [1m[36mProject Load (0.2ms)[0m  [1mSELECT  "projects".* FROM "projects" WHERE "projects"."id" = ? LIMIT 1[0m  [["id", 2]]
  [1m[35m (0.2ms)[0m  begin transaction
  [1m[36mSQL (0.4ms)[0m  [1mUPDATE "projects" SET "name" = ?, "updated_at" = ? WHERE "projects"."id" = ?[0m  [["name", "Ironhack Updated"], ["updated_at", "2016-02-01 14:51:49.018604"], ["id", 2]]
  [1m[35m (363.6ms)[0m  commit transaction
  [1m[36mProject Load (0.2ms)[0m  [1mSELECT  "projects".* FROM "projects" WHERE "projects"."id" = ? LIMIT 1[0m  [["id", 3]]
  [1m[35mProject Load (0.3ms)[0m  SELECT  "projects".* FROM "projects" WHERE "projects"."id" = ? LIMIT 1  [["id", 3]]
  [1m[36mProject Load (0.3ms)[0m  [1mSELECT  "projects".* FROM "projects" WHERE "projects"."id" = ? LIMIT 1[0m  [["id", 3]]
  [1m[35mProject Load (0.3ms)[0m  SELECT  "projects".* FROM "projects" WHERE "projects"."id" = ? LIMIT 1  [["id", 3]]
  [1m[36mProject Load (0.2ms)[0m  [1mSELECT  "projects".* FROM "projects" WHERE "projects"."id" = ? LIMIT 1[0m  [["id", 3]]
  [1m[35mProject Load (0.3ms)[0m  SELECT "projects".* FROM "projects" WHERE "projects"."id" = ?  [["id", 3]]
  [1m[36mProject Load (0.2ms)[0m  [1mSELECT  "projects".* FROM "projects" WHERE "projects"."id" = ? LIMIT 1[0m  [["id", 3]]
  [1m[36mProject Load (0.2ms)[0m  [1mSELECT "projects".* FROM "projects" WHERE (created_at > '2016-01-31 15:21:27.262188')[0m
  [1m[35mProject Load (0.2ms)[0m  SELECT "projects".* FROM "projects" WHERE "projects"."id" IN (1, 2, 3)
  [1m[36mProject Load (0.3ms)[0m  [1mSELECT "projects".* FROM "projects" WHERE (created_at > '2016-01-31 15:21:53.315656')[0m
  [1m[35mProject Load (0.3ms)[0m  SELECT "projects".* FROM "projects" WHERE "projects"."id" IN (1, 2, 3)
  [1m[36mProject Load (0.5ms)[0m  [1mSELECT "projects".* FROM "projects" WHERE (created_at > '2016-01-31 15:22:00.349465')[0m
  [1m[35m (0.1ms)[0m  begin transaction
  [1m[36mSQL (1.1ms)[0m  [1mDELETE FROM "projects" WHERE "projects"."id" = ?[0m  [["id", 1]]
  [1m[35m (56.4ms)[0m  commit transaction
  [1m[36m (0.1ms)[0m  [1mbegin transaction[0m
  [1m[35mSQL (0.5ms)[0m  DELETE FROM "projects" WHERE "projects"."id" = ?  [["id", 2]]
  [1m[36m (2.7ms)[0m  [1mcommit transaction[0m
  [1m[35m (0.1ms)[0m  begin transaction
  [1m[36mSQL (0.3ms)[0m  [1mDELETE FROM "projects" WHERE "projects"."id" = ?[0m  [["id", 3]]
  [1m[35m (2.5ms)[0m  commit transaction
  [1m[36mActiveRecord::SchemaMigration Load (0.1ms)[0m  [1mSELECT "schema_migrations".* FROM "schema_migrations"[0m
  [1m[35m (0.1ms)[0m  begin transaction
  [1m[36mSQL (0.4ms)[0m  [1mINSERT INTO "projects" ("name", "description", "created_at", "updated_at") VALUES (?, ?, ?, ?)[0m  [["name", "Ironhack"], ["description", "It is a coding school"], ["created_at", "2016-02-01 15:26:44.020530"], ["updated_at", "2016-02-01 15:26:44.020530"]]
  [1m[35m (2.7ms)[0m  commit transaction
  [1m[36m (0.0ms)[0m  [1mbegin transaction[0m
  [1m[35mSQL (0.2ms)[0m  INSERT INTO "projects" ("name", "created_at", "updated_at") VALUES (?, ?, ?)  [["name", "Time tracking app"], ["created_at", "2016-02-01 15:26:44.026496"], ["updated_at", "2016-02-01 15:26:44.026496"]]
  [1m[36m (2.5ms)[0m  [1mcommit transaction[0m
  [1m[35m (0.0ms)[0m  begin transaction
  [1m[36mSQL (0.2ms)[0m  [1mINSERT INTO "projects" ("name", "description", "created_at", "updated_at") VALUES (?, ?, ?, ?)[0m  [["name", "Recipes"], ["description", "I want to cook"], ["created_at", "2016-02-01 15:26:44.030018"], ["updated_at", "2016-02-01 15:26:44.030018"]]
  [1m[35m (2.5ms)[0m  commit transaction
  [1m[36m (0.0ms)[0m  [1mbegin transaction[0m
  [1m[35mSQL (0.2ms)[0m  INSERT INTO "projects" ("name", "created_at", "updated_at") VALUES (?, ?, ?)  [["name", "Boats"], ["created_at", "2016-02-01 15:26:44.033431"], ["updated_at", "2016-02-01 15:26:44.033431"]]
  [1m[36m (2.5ms)[0m  [1mcommit transaction[0m
  [1m[35m (0.1ms)[0m  begin transaction
  [1m[36mSQL (0.2ms)[0m  [1mINSERT INTO "projects" ("name", "description", "created_at", "updated_at") VALUES (?, ?, ?, ?)[0m  [["name", "Football"], ["description", "Will I win?"], ["created_at", "2016-02-01 15:26:44.037055"], ["updated_at", "2016-02-01 15:26:44.037055"]]
  [1m[35m (2.4ms)[0m  commit transaction
  [1m[36m (0.0ms)[0m  [1mbegin transaction[0m
  [1m[35mSQL (0.2ms)[0m  INSERT INTO "projects" ("name", "description", "created_at", "updated_at") VALUES (?, ?, ?, ?)  [["name", "Class"], ["description", "Do not forget to come on time"], ["created_at", "2016-02-01 15:26:44.040680"], ["updated_at", "2016-02-01 15:26:44.040680"]]
  [1m[36m (2.5ms)[0m  [1mcommit transaction[0m
  [1m[35m (0.0ms)[0m  begin transaction
  [1m[36mSQL (0.2ms)[0m  [1mINSERT INTO "projects" ("name", "description", "created_at", "updated_at") VALUES (?, ?, ?, ?)[0m  [["name", "Sleepy"], ["description", "People are sleepy sometimes"], ["created_at", "2016-02-01 15:26:44.044258"], ["updated_at", "2016-02-01 15:26:44.044258"]]
  [1m[35m (2.6ms)[0m  commit transaction
  [1m[36m (0.0ms)[0m  [1mbegin transaction[0m
  [1m[35mSQL (0.2ms)[0m  INSERT INTO "projects" ("name", "description", "created_at", "updated_at") VALUES (?, ?, ?, ?)  [["name", "Smile"], ["description", "Live, laugh, love"], ["created_at", "2016-02-01 15:26:44.047924"], ["updated_at", "2016-02-01 15:26:44.047924"]]
  [1m[36m (2.4ms)[0m  [1mcommit transaction[0m
  [1m[36mProject Load (1.1ms)[0m  [1mSELECT "projects".* FROM "projects"[0m
  [1m[35m (0.2ms)[0m  SELECT COUNT(*) FROM "projects"


Started GET "/projects" for ::1 at 2016-02-01 17:23:55 +0100
  [1m[36mActiveRecord::SchemaMigration Load (0.1ms)[0m  [1mSELECT "schema_migrations".* FROM "schema_migrations"[0m
Processing by ProjectsController#index as HTML
  Rendered projects/index.html.erb within layouts/application (3.4ms)
Completed 200 OK in 684ms (Views: 659.7ms | ActiveRecord: 0.0ms)


Started GET "/assets/projects.self-e3b0c44298fc1c149afbf4c8996fb92427ae41e4649b934ca495991b7852b855.css?body=1" for ::1 at 2016-02-01 17:23:56 +0100


Started GET "/assets/projects.self-877aef30ae1b040ab8a3aba4e3e309a11d7f2612f44dde450b5c157aa5f95c05.js?body=1" for ::1 at 2016-02-01 17:23:56 +0100


Started GET "/" for ::1 at 2016-02-01 17:25:05 +0100
  [1m[36mActiveRecord::SchemaMigration Load (0.1ms)[0m  [1mSELECT "schema_migrations".* FROM "schema_migrations"[0m
Processing by SiteController#home as HTML
  Rendered site/home.html.erb within layouts/application (1.7ms)
Completed 200 OK in 246ms (Views: 234.3ms | ActiveRecord: 0.0ms)


Started GET "/projects" for ::1 at 2016-02-01 17:25:09 +0100
Processing by ProjectsController#index as HTML
  [1m[35mProject Load (0.2ms)[0m  SELECT  "projects".* FROM "projects"  ORDER BY "projects"."created_at" DESC LIMIT 10
  Rendered projects/index.html.erb within layouts/application (5.8ms)
Completed 200 OK in 37ms (Views: 34.6ms | ActiveRecord: 0.5ms)


Started GET "/projects" for ::1 at 2016-02-01 17:25:44 +0100
  [1m[36mActiveRecord::SchemaMigration Load (0.1ms)[0m  [1mSELECT "schema_migrations".* FROM "schema_migrations"[0m
Processing by ProjectsController#index as HTML
  [1m[35mProject Load (0.3ms)[0m  SELECT  "projects".* FROM "projects"  ORDER BY "projects"."created_at" DESC LIMIT 10
  Rendered projects/index.html.erb within layouts/application (6.3ms)
Completed 200 OK in 248ms (Views: 237.5ms | ActiveRecord: 0.5ms)


Started GET "/projects" for ::1 at 2016-02-01 17:26:49 +0100
  [1m[36mActiveRecord::SchemaMigration Load (0.1ms)[0m  [1mSELECT "schema_migrations".* FROM "schema_migrations"[0m
Processing by ProjectsController#index as HTML
Completed 500 Internal Server Error in 11ms (ActiveRecord: 0.0ms)

ArgumentError (wrong number of arguments (given 0, expected 1)):
  app/models/project.rb:13:in `ordered_by_creation'
  app/controllers/projects_controller.rb:3:in `index'


  Rendered /Users/halildijab/.rbenv/versions/2.3.0/lib/ruby/gems/2.3.0/gems/actionpack-4.2.5/lib/action_dispatch/middleware/templates/rescues/_source.erb (10.1ms)
  Rendered /Users/halildijab/.rbenv/versions/2.3.0/lib/ruby/gems/2.3.0/gems/actionpack-4.2.5/lib/action_dispatch/middleware/templates/rescues/_trace.html.erb (2.7ms)
  Rendered /Users/halildijab/.rbenv/versions/2.3.0/lib/ruby/gems/2.3.0/gems/actionpack-4.2.5/lib/action_dispatch/middleware/templates/rescues/_request_and_response.html.erb (2.2ms)
  Rendered /Users/halildijab/.rbenv/versions/2.3.0/lib/ruby/gems/2.3.0/gems/actionpack-4.2.5/lib/action_dispatch/middleware/templates/rescues/diagnostics.html.erb within rescues/layout (97.5ms)
  Rendered /Users/halildijab/.rbenv/versions/2.3.0/lib/ruby/gems/2.3.0/gems/web-console-2.3.0/lib/web_console/templates/_markup.html.erb (0.5ms)
  Rendered /Users/halildijab/.rbenv/versions/2.3.0/lib/ruby/gems/2.3.0/gems/web-console-2.3.0/lib/web_console/templates/_inner_console_markup.html.erb within layouts/inlined_string (0.5ms)
  Rendered /Users/halildijab/.rbenv/versions/2.3.0/lib/ruby/gems/2.3.0/gems/web-console-2.3.0/lib/web_console/templates/_prompt_box_markup.html.erb within layouts/inlined_string (0.3ms)
  Rendered /Users/halildijab/.rbenv/versions/2.3.0/lib/ruby/gems/2.3.0/gems/web-console-2.3.0/lib/web_console/templates/style.css.erb within layouts/inlined_string (0.4ms)
  Rendered /Users/halildijab/.rbenv/versions/2.3.0/lib/ruby/gems/2.3.0/gems/web-console-2.3.0/lib/web_console/templates/console.js.erb within layouts/javascript (140.0ms)
  Rendered /Users/halildijab/.rbenv/versions/2.3.0/lib/ruby/gems/2.3.0/gems/web-console-2.3.0/lib/web_console/templates/main.js.erb within layouts/javascript (0.3ms)
  Rendered /Users/halildijab/.rbenv/versions/2.3.0/lib/ruby/gems/2.3.0/gems/web-console-2.3.0/lib/web_console/templates/error_page.js.erb within layouts/javascript (0.7ms)
  Rendered /Users/halildijab/.rbenv/versions/2.3.0/lib/ruby/gems/2.3.0/gems/web-console-2.3.0/lib/web_console/templates/index.html.erb (278.6ms)


Started GET "/projects" for ::1 at 2016-02-01 17:27:12 +0100
  [1m[36mActiveRecord::SchemaMigration Load (0.1ms)[0m  [1mSELECT "schema_migrations".* FROM "schema_migrations"[0m
Processing by ProjectsController#index as HTML
  [1m[35mProject Load (0.5ms)[0m  SELECT  "projects".* FROM "projects"  ORDER BY "projects"."created_at" DESC LIMIT 3
  Rendered projects/index.html.erb within layouts/application (10.3ms)
Completed 200 OK in 251ms (Views: 239.2ms | ActiveRecord: 1.2ms)


Started GET "/projects" for ::1 at 2016-02-01 17:27:44 +0100
  [1m[36mActiveRecord::SchemaMigration Load (0.1ms)[0m  [1mSELECT "schema_migrations".* FROM "schema_migrations"[0m
Processing by ProjectsController#index as HTML
  [1m[35mProject Load (0.2ms)[0m  SELECT  "projects".* FROM "projects"  ORDER BY "projects"."created_at" DESC LIMIT 3
  Rendered projects/index.html.erb within layouts/application (6.6ms)
Completed 200 OK in 233ms (Views: 219.5ms | ActiveRecord: 0.5ms)


Started GET "/" for ::1 at 2016-02-01 17:28:43 +0100
  [1m[36mActiveRecord::SchemaMigration Load (0.1ms)[0m  [1mSELECT "schema_migrations".* FROM "schema_migrations"[0m
Processing by SiteController#home as HTML
  Rendered site/home.html.erb within layouts/application (1.2ms)
Completed 200 OK in 239ms (Views: 229.9ms | ActiveRecord: 0.0ms)


Started GET "/projects" for ::1 at 2016-02-01 17:28:47 +0100
Processing by ProjectsController#index as HTML
  [1m[35mProject Load (0.2ms)[0m  SELECT  "projects".* FROM "projects"  ORDER BY "projects"."created_at" DESC LIMIT 3
  Rendered projects/index.html.erb within layouts/application (5.9ms)
Completed 200 OK in 37ms (Views: 34.2ms | ActiveRecord: 0.5ms)


Started GET "/" for ::1 at 2016-02-01 17:29:17 +0100
  [1m[36mActiveRecord::SchemaMigration Load (0.1ms)[0m  [1mSELECT "schema_migrations".* FROM "schema_migrations"[0m
Processing by SiteController#home as HTML
  Rendered site/home.html.erb within layouts/application (1.3ms)
Completed 200 OK in 264ms (Views: 249.8ms | ActiveRecord: 0.0ms)


Started GET "/projects" for ::1 at 2016-02-01 17:29:19 +0100
Processing by ProjectsController#index as HTML
  [1m[35mProject Load (0.2ms)[0m  SELECT  "projects".* FROM "projects"  ORDER BY "projects"."created_at" DESC LIMIT 10
  Rendered projects/index.html.erb within layouts/application (10.0ms)
Completed 200 OK in 46ms (Views: 42.1ms | ActiveRecord: 0.8ms)


Started GET "/projects" for ::1 at 2016-02-01 17:30:41 +0100
  [1m[36mActiveRecord::SchemaMigration Load (0.1ms)[0m  [1mSELECT "schema_migrations".* FROM "schema_migrations"[0m
Processing by ProjectsController#index as HTML
  [1m[35mProject Load (0.3ms)[0m  SELECT  "projects".* FROM "projects"  ORDER BY "projects"."created_at" DESC LIMIT 10
  Rendered projects/index.html.erb within layouts/application (7.3ms)
Completed 200 OK in 246ms (Views: 235.3ms | ActiveRecord: 0.6ms)


Started GET "/projects" for ::1 at 2016-02-01 17:33:00 +0100
  [1m[36mActiveRecord::SchemaMigration Load (0.1ms)[0m  [1mSELECT "schema_migrations".* FROM "schema_migrations"[0m
Processing by ProjectsController#index as HTML
  [1m[35mProject Load (0.2ms)[0m  SELECT  "projects".* FROM "projects"  ORDER BY "projects"."created_at" DESC LIMIT 10
  Rendered projects/index.html.erb within layouts/application (7.2ms)
Completed 200 OK in 256ms (Views: 241.0ms | ActiveRecord: 0.5ms)


Started GET "/projects" for ::1 at 2016-02-01 17:33:37 +0100
  [1m[36mActiveRecord::SchemaMigration Load (0.1ms)[0m  [1mSELECT "schema_migrations".* FROM "schema_migrations"[0m
Processing by ProjectsController#index as HTML
  Rendered projects/index.html.erb within layouts/application (1.2ms)
Completed 500 Internal Server Error in 23ms (ActiveRecord: 0.0ms)

SyntaxError (/Users/halildijab/Desktop/Ironhack/Bootcamp/Week 4/Day 1/timetracking/app/views/projects/index.html.erb:3: syntax error, unexpected tIDENTIFIER, expecting ')'
... project.name print': ' project.description);@output_buffer....
...                               ^):
  app/views/projects/index.html.erb:3: syntax error, unexpected tIDENTIFIER, expecting ')'


  Rendered /Users/halildijab/.rbenv/versions/2.3.0/lib/ruby/gems/2.3.0/gems/actionpack-4.2.5/lib/action_dispatch/middleware/templates/rescues/_source.erb (7.4ms)
  Rendered /Users/halildijab/.rbenv/versions/2.3.0/lib/ruby/gems/2.3.0/gems/actionpack-4.2.5/lib/action_dispatch/middleware/templates/rescues/_trace.html.erb (3.0ms)
  Rendered /Users/halildijab/.rbenv/versions/2.3.0/lib/ruby/gems/2.3.0/gems/actionpack-4.2.5/lib/action_dispatch/middleware/templates/rescues/_request_and_response.html.erb (1.7ms)
  Rendered /Users/halildijab/.rbenv/versions/2.3.0/lib/ruby/gems/2.3.0/gems/actionpack-4.2.5/lib/action_dispatch/middleware/templates/rescues/diagnostics.html.erb within rescues/layout (86.7ms)
  Rendered /Users/halildijab/.rbenv/versions/2.3.0/lib/ruby/gems/2.3.0/gems/web-console-2.3.0/lib/web_console/templates/_markup.html.erb (0.6ms)
  Rendered /Users/halildijab/.rbenv/versions/2.3.0/lib/ruby/gems/2.3.0/gems/web-console-2.3.0/lib/web_console/templates/_inner_console_markup.html.erb within layouts/inlined_string (0.6ms)
  Rendered /Users/halildijab/.rbenv/versions/2.3.0/lib/ruby/gems/2.3.0/gems/web-console-2.3.0/lib/web_console/templates/_prompt_box_markup.html.erb within layouts/inlined_string (0.4ms)
  Rendered /Users/halildijab/.rbenv/versions/2.3.0/lib/ruby/gems/2.3.0/gems/web-console-2.3.0/lib/web_console/templates/style.css.erb within layouts/inlined_string (0.4ms)
  Rendered /Users/halildijab/.rbenv/versions/2.3.0/lib/ruby/gems/2.3.0/gems/web-console-2.3.0/lib/web_console/templates/console.js.erb within layouts/javascript (82.7ms)
  Rendered /Users/halildijab/.rbenv/versions/2.3.0/lib/ruby/gems/2.3.0/gems/web-console-2.3.0/lib/web_console/templates/main.js.erb within layouts/javascript (0.3ms)
  Rendered /Users/halildijab/.rbenv/versions/2.3.0/lib/ruby/gems/2.3.0/gems/web-console-2.3.0/lib/web_console/templates/error_page.js.erb within layouts/javascript (0.4ms)
  Rendered /Users/halildijab/.rbenv/versions/2.3.0/lib/ruby/gems/2.3.0/gems/web-console-2.3.0/lib/web_console/templates/index.html.erb (190.7ms)


Started GET "/projects" for ::1 at 2016-02-01 17:33:37 +0100
Processing by ProjectsController#index as HTML
  Rendered projects/index.html.erb within layouts/application (0.9ms)
Completed 500 Internal Server Error in 6ms (ActiveRecord: 0.0ms)

SyntaxError (/Users/halildijab/Desktop/Ironhack/Bootcamp/Week 4/Day 1/timetracking/app/views/projects/index.html.erb:3: syntax error, unexpected tIDENTIFIER, expecting ')'
... project.name print': ' project.description);@output_buffer....
...                               ^):
  app/views/projects/index.html.erb:3: syntax error, unexpected tIDENTIFIER, expecting ')'


  Rendered /Users/halildijab/.rbenv/versions/2.3.0/lib/ruby/gems/2.3.0/gems/actionpack-4.2.5/lib/action_dispatch/middleware/templates/rescues/_source.erb (10.7ms)
  Rendered /Users/halildijab/.rbenv/versions/2.3.0/lib/ruby/gems/2.3.0/gems/actionpack-4.2.5/lib/action_dispatch/middleware/templates/rescues/_trace.html.erb (3.2ms)
  Rendered /Users/halildijab/.rbenv/versions/2.3.0/lib/ruby/gems/2.3.0/gems/actionpack-4.2.5/lib/action_dispatch/middleware/templates/rescues/_request_and_response.html.erb (1.0ms)
  Rendered /Users/halildijab/.rbenv/versions/2.3.0/lib/ruby/gems/2.3.0/gems/actionpack-4.2.5/lib/action_dispatch/middleware/templates/rescues/diagnostics.html.erb within rescues/layout (86.6ms)
  Rendered /Users/halildijab/.rbenv/versions/2.3.0/lib/ruby/gems/2.3.0/gems/web-console-2.3.0/lib/web_console/templates/_markup.html.erb (1.1ms)
  Rendered /Users/halildijab/.rbenv/versions/2.3.0/lib/ruby/gems/2.3.0/gems/web-console-2.3.0/lib/web_console/templates/_inner_console_markup.html.erb within layouts/inlined_string (0.3ms)
  Rendered /Users/halildijab/.rbenv/versions/2.3.0/lib/ruby/gems/2.3.0/gems/web-console-2.3.0/lib/web_console/templates/_prompt_box_markup.html.erb within layouts/inlined_string (0.3ms)
  Rendered /Users/halildijab/.rbenv/versions/2.3.0/lib/ruby/gems/2.3.0/gems/web-console-2.3.0/lib/web_console/templates/style.css.erb within layouts/inlined_string (0.3ms)
  Rendered /Users/halildijab/.rbenv/versions/2.3.0/lib/ruby/gems/2.3.0/gems/web-console-2.3.0/lib/web_console/templates/console.js.erb within layouts/javascript (65.8ms)
  Rendered /Users/halildijab/.rbenv/versions/2.3.0/lib/ruby/gems/2.3.0/gems/web-console-2.3.0/lib/web_console/templates/main.js.erb within layouts/javascript (0.3ms)
  Rendered /Users/halildijab/.rbenv/versions/2.3.0/lib/ruby/gems/2.3.0/gems/web-console-2.3.0/lib/web_console/templates/error_page.js.erb within layouts/javascript (0.7ms)
  Rendered /Users/halildijab/.rbenv/versions/2.3.0/lib/ruby/gems/2.3.0/gems/web-console-2.3.0/lib/web_console/templates/index.html.erb (161.6ms)


Started GET "/projects" for ::1 at 2016-02-01 17:34:00 +0100
  [1m[36mActiveRecord::SchemaMigration Load (0.1ms)[0m  [1mSELECT "schema_migrations".* FROM "schema_migrations"[0m
Processing by ProjectsController#index as HTML
  [1m[35mProject Load (0.3ms)[0m  SELECT  "projects".* FROM "projects"  ORDER BY "projects"."created_at" DESC LIMIT 10
  Rendered projects/index.html.erb within layouts/application (8.1ms)
Completed 200 OK in 256ms (Views: 244.7ms | ActiveRecord: 0.7ms)


Started GET "/projects" for ::1 at 2016-02-01 17:34:50 +0100
  [1m[36mActiveRecord::SchemaMigration Load (0.1ms)[0m  [1mSELECT "schema_migrations".* FROM "schema_migrations"[0m
Processing by ProjectsController#index as HTML
  [1m[35mProject Load (0.3ms)[0m  SELECT  "projects".* FROM "projects"  ORDER BY "projects"."created_at" DESC LIMIT 10
  Rendered projects/index.html.erb within layouts/application (7.0ms)
Completed 200 OK in 251ms (Views: 237.6ms | ActiveRecord: 0.6ms)


Started GET "/projects" for ::1 at 2016-02-01 17:35:06 +0100
  [1m[36mActiveRecord::SchemaMigration Load (0.1ms)[0m  [1mSELECT "schema_migrations".* FROM "schema_migrations"[0m
Processing by ProjectsController#index as HTML
  [1m[35mProject Load (0.4ms)[0m  SELECT  "projects".* FROM "projects"  ORDER BY "projects"."created_at" DESC LIMIT 10
  Rendered projects/index.html.erb within layouts/application (12.5ms)
Completed 200 OK in 279ms (Views: 267.8ms | ActiveRecord: 1.0ms)


Started GET "/projects" for ::1 at 2016-02-01 17:38:30 +0100
  [1m[36mActiveRecord::SchemaMigration Load (0.2ms)[0m  [1mSELECT "schema_migrations".* FROM "schema_migrations"[0m
Processing by ProjectsController#index as HTML
  [1m[35mProject Load (0.3ms)[0m  SELECT  "projects".* FROM "projects"  ORDER BY "projects"."created_at" DESC LIMIT 10
  Rendered projects/index.html.erb within layouts/application (7.1ms)
Completed 200 OK in 286ms (Views: 274.8ms | ActiveRecord: 0.6ms)


Started GET "/projects" for ::1 at 2016-02-01 17:39:04 +0100
  [1m[36mActiveRecord::SchemaMigration Load (0.1ms)[0m  [1mSELECT "schema_migrations".* FROM "schema_migrations"[0m
Processing by ProjectsController#index as HTML
  Rendered projects/index.html.erb within layouts/application (1.2ms)
Completed 500 Internal Server Error in 29ms (ActiveRecord: 0.0ms)

SyntaxError (/Users/halildijab/Desktop/Ironhack/Bootcamp/Week 4/Day 1/timetracking/app/views/projects/index.html.erb:4: syntax error, unexpected tSTRING_DEND, expecting ')'
...t_buffer.append=( project.name});@output_buffer.safe_append='
...                               ^
/Users/halildijab/Desktop/Ironhack/Bootcamp/Week 4/Day 1/timetracking/app/views/projects/index.html.erb:9: syntax error, unexpected keyword_end, expecting ')'
'.freeze; end 
             ^
/Users/halildijab/Desktop/Ironhack/Bootcamp/Week 4/Day 1/timetracking/app/views/projects/index.html.erb:11: syntax error, unexpected keyword_ensure, expecting ')'
/Users/halildijab/Desktop/Ironhack/Bootcamp/Week 4/Day 1/timetracking/app/views/projects/index.html.erb:13: syntax error, unexpected keyword_end, expecting ')'):
  app/views/projects/index.html.erb:4: syntax error, unexpected tSTRING_DEND, expecting ')'
  app/views/projects/index.html.erb:9: syntax error, unexpected keyword_end, expecting ')'
  app/views/projects/index.html.erb:11: syntax error, unexpected keyword_ensure, expecting ')'
  app/views/projects/index.html.erb:13: syntax error, unexpected keyword_end, expecting ')'


  Rendered /Users/halildijab/.rbenv/versions/2.3.0/lib/ruby/gems/2.3.0/gems/actionpack-4.2.5/lib/action_dispatch/middleware/templates/rescues/_source.erb (14.0ms)
  Rendered /Users/halildijab/.rbenv/versions/2.3.0/lib/ruby/gems/2.3.0/gems/actionpack-4.2.5/lib/action_dispatch/middleware/templates/rescues/_trace.html.erb (3.7ms)
  Rendered /Users/halildijab/.rbenv/versions/2.3.0/lib/ruby/gems/2.3.0/gems/actionpack-4.2.5/lib/action_dispatch/middleware/templates/rescues/_request_and_response.html.erb (1.7ms)
  Rendered /Users/halildijab/.rbenv/versions/2.3.0/lib/ruby/gems/2.3.0/gems/actionpack-4.2.5/lib/action_dispatch/middleware/templates/rescues/diagnostics.html.erb within rescues/layout (97.4ms)
  Rendered /Users/halildijab/.rbenv/versions/2.3.0/lib/ruby/gems/2.3.0/gems/web-console-2.3.0/lib/web_console/templates/_markup.html.erb (0.5ms)
  Rendered /Users/halildijab/.rbenv/versions/2.3.0/lib/ruby/gems/2.3.0/gems/web-console-2.3.0/lib/web_console/templates/_inner_console_markup.html.erb within layouts/inlined_string (0.4ms)
  Rendered /Users/halildijab/.rbenv/versions/2.3.0/lib/ruby/gems/2.3.0/gems/web-console-2.3.0/lib/web_console/templates/_prompt_box_markup.html.erb within layouts/inlined_string (0.3ms)
  Rendered /Users/halildijab/.rbenv/versions/2.3.0/lib/ruby/gems/2.3.0/gems/web-console-2.3.0/lib/web_console/templates/style.css.erb within layouts/inlined_string (0.4ms)
  Rendered /Users/halildijab/.rbenv/versions/2.3.0/lib/ruby/gems/2.3.0/gems/web-console-2.3.0/lib/web_console/templates/console.js.erb within layouts/javascript (81.6ms)
  Rendered /Users/halildijab/.rbenv/versions/2.3.0/lib/ruby/gems/2.3.0/gems/web-console-2.3.0/lib/web_console/templates/main.js.erb within layouts/javascript (0.2ms)
  Rendered /Users/halildijab/.rbenv/versions/2.3.0/lib/ruby/gems/2.3.0/gems/web-console-2.3.0/lib/web_console/templates/error_page.js.erb within layouts/javascript (0.6ms)
  Rendered /Users/halildijab/.rbenv/versions/2.3.0/lib/ruby/gems/2.3.0/gems/web-console-2.3.0/lib/web_console/templates/index.html.erb (182.1ms)


Started GET "/projects" for ::1 at 2016-02-01 17:39:04 +0100
Processing by ProjectsController#index as HTML
  Rendered projects/index.html.erb within layouts/application (1.0ms)
Completed 500 Internal Server Error in 6ms (ActiveRecord: 0.0ms)

SyntaxError (/Users/halildijab/Desktop/Ironhack/Bootcamp/Week 4/Day 1/timetracking/app/views/projects/index.html.erb:4: syntax error, unexpected tSTRING_DEND, expecting ')'
...t_buffer.append=( project.name});@output_buffer.safe_append='
...                               ^
/Users/halildijab/Desktop/Ironhack/Bootcamp/Week 4/Day 1/timetracking/app/views/projects/index.html.erb:9: syntax error, unexpected keyword_end, expecting ')'
'.freeze; end 
             ^
/Users/halildijab/Desktop/Ironhack/Bootcamp/Week 4/Day 1/timetracking/app/views/projects/index.html.erb:11: syntax error, unexpected keyword_ensure, expecting ')'
/Users/halildijab/Desktop/Ironhack/Bootcamp/Week 4/Day 1/timetracking/app/views/projects/index.html.erb:13: syntax error, unexpected keyword_end, expecting ')'):
  app/views/projects/index.html.erb:4: syntax error, unexpected tSTRING_DEND, expecting ')'
  app/views/projects/index.html.erb:9: syntax error, unexpected keyword_end, expecting ')'
  app/views/projects/index.html.erb:11: syntax error, unexpected keyword_ensure, expecting ')'
  app/views/projects/index.html.erb:13: syntax error, unexpected keyword_end, expecting ')'


  Rendered /Users/halildijab/.rbenv/versions/2.3.0/lib/ruby/gems/2.3.0/gems/actionpack-4.2.5/lib/action_dispatch/middleware/templates/rescues/_source.erb (7.9ms)
  Rendered /Users/halildijab/.rbenv/versions/2.3.0/lib/ruby/gems/2.3.0/gems/actionpack-4.2.5/lib/action_dispatch/middleware/templates/rescues/_trace.html.erb (3.2ms)
  Rendered /Users/halildijab/.rbenv/versions/2.3.0/lib/ruby/gems/2.3.0/gems/actionpack-4.2.5/lib/action_dispatch/middleware/templates/rescues/_request_and_response.html.erb (0.9ms)
  Rendered /Users/halildijab/.rbenv/versions/2.3.0/lib/ruby/gems/2.3.0/gems/actionpack-4.2.5/lib/action_dispatch/middleware/templates/rescues/diagnostics.html.erb within rescues/layout (86.7ms)
  Rendered /Users/halildijab/.rbenv/versions/2.3.0/lib/ruby/gems/2.3.0/gems/web-console-2.3.0/lib/web_console/templates/_markup.html.erb (0.4ms)
  Rendered /Users/halildijab/.rbenv/versions/2.3.0/lib/ruby/gems/2.3.0/gems/web-console-2.3.0/lib/web_console/templates/_inner_console_markup.html.erb within layouts/inlined_string (0.6ms)
  Rendered /Users/halildijab/.rbenv/versions/2.3.0/lib/ruby/gems/2.3.0/gems/web-console-2.3.0/lib/web_console/templates/_prompt_box_markup.html.erb within layouts/inlined_string (0.3ms)
  Rendered /Users/halildijab/.rbenv/versions/2.3.0/lib/ruby/gems/2.3.0/gems/web-console-2.3.0/lib/web_console/templates/style.css.erb within layouts/inlined_string (0.3ms)
  Rendered /Users/halildijab/.rbenv/versions/2.3.0/lib/ruby/gems/2.3.0/gems/web-console-2.3.0/lib/web_console/templates/console.js.erb within layouts/javascript (71.8ms)
  Rendered /Users/halildijab/.rbenv/versions/2.3.0/lib/ruby/gems/2.3.0/gems/web-console-2.3.0/lib/web_console/templates/main.js.erb within layouts/javascript (0.3ms)
  Rendered /Users/halildijab/.rbenv/versions/2.3.0/lib/ruby/gems/2.3.0/gems/web-console-2.3.0/lib/web_console/templates/error_page.js.erb within layouts/javascript (0.6ms)
  Rendered /Users/halildijab/.rbenv/versions/2.3.0/lib/ruby/gems/2.3.0/gems/web-console-2.3.0/lib/web_console/templates/index.html.erb (158.4ms)


Started GET "/projects" for ::1 at 2016-02-01 17:39:17 +0100
  [1m[36mActiveRecord::SchemaMigration Load (0.1ms)[0m  [1mSELECT "schema_migrations".* FROM "schema_migrations"[0m
Processing by ProjectsController#index as HTML
  [1m[35mProject Load (0.2ms)[0m  SELECT  "projects".* FROM "projects"  ORDER BY "projects"."created_at" DESC LIMIT 10
  Rendered projects/index.html.erb within layouts/application (6.9ms)
Completed 200 OK in 235ms (Views: 216.8ms | ActiveRecord: 0.6ms)
